<?xml version="1.0" encoding="UTF-8"?>
<!-- Generated by org.testng.reporters.JUnitXMLReporter -->
<testsuite ignored="0" hostname="TIBCO-PG02TYY8" failures="1" tests="3" name="Free CRM App Test Cases" time="14.545" errors="0" timestamp="2024-05-20T21:58:47 IST">
  <testcase classname="com.crm.qa.CRMtestcases.LoginPageTest" name="verifyTitle" time="0.015"/>
  <testcase classname="com.crm.qa.CRMtestcases.HomePageTest" name="HomePageNameTest" time="0.011"/>
  <testcase classname="com.crm.qa.CRMtestcases.HomePageTest" name="usernameVerifyTest" time="0.023">
    <failure type="org.openqa.selenium.NoSuchFrameException" message="No frame element found by name or id downloadFrame
Build info: version: &amp;apos;4.18.1&amp;apos;, revision: &amp;apos;b1d3319b48&amp;apos;
System info: os.name: &amp;apos;Windows 11&amp;apos;, os.arch: &amp;apos;amd64&amp;apos;, os.version: &amp;apos;10.0&amp;apos;, java.version: &amp;apos;17.0.7&amp;apos;
Driver info: driver.version: unknown">
      <![CDATA[org.openqa.selenium.NoSuchFrameException: No frame element found by name or id downloadFrame
Build info: version: '4.18.1', revision: 'b1d3319b48'
System info: os.name: 'Windows 11', os.arch: 'amd64', os.version: '10.0', java.version: '17.0.7'
Driver info: driver.version: unknown
at org.openqa.selenium.remote.RemoteWebDriver$RemoteTargetLocator.frame(RemoteWebDriver.java:1098)
at com.crm.qa.CRMtestcases.HomePageTest.usernameVerifyTest(HomePageTest.java:32)
at java.base/java.util.ArrayList.forEach(ArrayList.java:1511)
... Removed 27 stack frames]]>
    </failure>
  </testcase> <!-- usernameVerifyTest -->
</testsuite> <!-- Free CRM App Test Cases -->
